<?xml version="1.0" encoding="UTF-8" ?>
<testsuite errors="0" failures="0" hostname="Harjits-MacBook-Pro-2.local" name="com.works.PocIntegrationTransactionIntegrationSpec" tests="1" time="0.176" timestamp="2015-07-01T17:59:56">
  <properties />
  <testcase classname="com.works.PocIntegrationTransactionIntegrationSpec" name="testIntegrationOfControlAndServiceForOneRecordResult" time="0.175" />
  <system-out><![CDATA[--Output from testIntegrationOfControlAndServiceForOneRecordResult--
]]></system-out>
  <system-err><![CDATA[--Output from testIntegrationOfControlAndServiceForOneRecordResult--
]]></system-err>
</testsuite>
